# JRE version: OpenJDK Runtime Environment Temurin-17.0.8+7 (17.0.8+7) (build 17.0.8+7)
# Java VM: OpenJDK 64-Bit Server VM Temurin-17.0.8+7 (17.0.8+7, mixed mode, sharing, tiered, compressed oops, compressed class ptrs, g1 gc, linux-amd64)
GC Precious Log:
 CPUs: 4 total, 4 available
 Memory: 15941M
 Large Page Support: Disabled
 NUMA Support: Disabled
 Compressed Oops: Enabled (32-bit)
 Heap Region Size: 1M
 Heap Min Capacity: 8M
 Heap Initial Capacity: 250M
 Heap Max Capacity: 2G
 Pre-touch: Disabled
 Parallel Workers: 4
 Concurrent Workers: 1
 Concurrent Refinement Workers: 4
 Periodic GC: Disabled
Heap:
 garbage-first heap   total 86016K, used 51233K [0x0000000080000000, 0x0000000100000000)
  region size 1024K, 22 young (22528K), 4 survivors (4096K)
 Metaspace       used 35534K, committed 35968K, reserved 491520K
  class space    used 4901K, committed 5120K, reserved 425984K
GC Heap History (15 events):
Event: 0.723 GC heap before
{Heap before GC invocations=0 (full 0):
 garbage-first heap   total 258048K, used 13288K [0x0000000080000000, 0x0000000100000000)
  region size 1024K, 13 young (13312K), 0 survivors (0K)
 Metaspace       used 956K, committed 1088K, reserved 491520K
  class space    used 75K, committed 128K, reserved 425984K
}
Event: 0.726 GC heap after
{Heap after GC invocations=1 (full 0):
 garbage-first heap   total 258048K, used 4847K [0x0000000080000000, 0x0000000100000000)
  region size 1024K, 2 young (2048K), 2 survivors (2048K)
 Metaspace       used 956K, committed 1088K, reserved 491520K
  class space    used 75K, committed 128K, reserved 425984K
}
Event: 2.529 GC heap before
{Heap before GC invocations=1 (full 0):
 garbage-first heap   total 258048K, used 26351K [0x0000000080000000, 0x0000000100000000)
  region size 1024K, 19 young (19456K), 2 survivors (2048K)
 Metaspace       used 3833K, committed 3968K, reserved 491520K
  class space    used 484K, committed 576K, reserved 425984K
}
Event: 2.539 GC heap after
{Heap after GC invocations=2 (full 0):
 garbage-first heap   total 258048K, used 11222K [0x0000000080000000, 0x0000000100000000)
  region size 1024K, 3 young (3072K), 3 survivors (3072K)
 Metaspace       used 3833K, committed 3968K, reserved 491520K
  class space    used 484K, committed 576K, reserved 425984K
}
Event: 10.193 GC heap before
{Heap before GC invocations=2 (full 0):
 garbage-first heap   total 258048K, used 35798K [0x0000000080000000, 0x0000000100000000)
  region size 1024K, 27 young (27648K), 3 survivors (3072K)
 Metaspace       used 5014K, committed 5184K, reserved 491520K
  class space    used 674K, committed 768K, reserved 425984K
}
Event: 10.198 GC heap after
{Heap after GC invocations=3 (full 0):
 garbage-first heap   total 258048K, used 16507K [0x0000000080000000, 0x0000000100000000)
  region size 1024K, 4 young (4096K), 4 survivors (4096K)
 Metaspace       used 5014K, committed 5184K, reserved 491520K
  class space    used 674K, committed 768K, reserved 425984K
}
Event: 22.651 GC heap before
{Heap before GC invocations=3 (full 0):
 garbage-first heap   total 258048K, used 107643K [0x0000000080000000, 0x0000000100000000)
  region size 1024K, 94 young (96256K), 4 survivors (4096K)
 Metaspace       used 21230K, committed 21504K, reserved 491520K
  class space    used 3177K, committed 3328K, reserved 425984K
}
Event: 22.688 GC heap after
{Heap after GC invocations=4 (full 0):
 garbage-first heap   total 258048K, used 22229K [0x0000000080000000, 0x0000000100000000)
  region size 1024K, 10 young (10240K), 10 survivors (10240K)
 Metaspace       used 21230K, committed 21504K, reserved 491520K
  class space    used 3177K, committed 3328K, reserved 425984K
}
Event: 26.029 GC heap before
{Heap before GC invocations=5 (full 0):
 garbage-first heap   total 86016K, used 62165K [0x0000000080000000, 0x0000000100000000)
  region size 1024K, 50 young (51200K), 10 survivors (10240K)
 Metaspace       used 28436K, committed 28800K, reserved 491520K
  class space    used 4025K, committed 4160K, reserved 425984K
}
Event: 26.039 GC heap after
{Heap after GC invocations=6 (full 0):
 garbage-first heap   total 86016K, used 27569K [0x0000000080000000, 0x0000000100000000)
  region size 1024K, 6 young (6144K), 6 survivors (6144K)
 Metaspace       used 28436K, committed 28800K, reserved 491520K
  class space    used 4025K, committed 4160K, reserved 425984K
}
Event: 27.095 GC heap before
{Heap before GC invocations=6 (full 0):
 garbage-first heap   total 86016K, used 61361K [0x0000000080000000, 0x0000000100000000)
  region size 1024K, 37 young (37888K), 6 survivors (6144K)
 Metaspace       used 31233K, committed 31616K, reserved 491520K
  class space    used 4334K, committed 4544K, reserved 425984K
}
Event: 27.102 GC heap after
{Heap after GC invocations=7 (full 0):
 garbage-first heap   total 86016K, used 29718K [0x0000000080000000, 0x0000000100000000)
  region size 1024K, 4 young (4096K), 4 survivors (4096K)
 Metaspace       used 31233K, committed 31616K, reserved 491520K
  class space    used 4334K, committed 4544K, reserved 425984K
}
Event: 40.000 GC heap before
{Heap before GC invocations=7 (full 0):
 garbage-first heap   total 86016K, used 60438K [0x0000000080000000, 0x0000000100000000)
  region size 1024K, 34 young (34816K), 4 survivors (4096K)
 Metaspace       used 33311K, committed 33792K, reserved 491520K
  class space    used 4650K, committed 4864K, reserved 425984K
}
Event: 40.010 GC heap after
{Heap after GC invocations=8 (full 0):
 garbage-first heap   total 86016K, used 32287K [0x0000000080000000, 0x0000000100000000)
  region size 1024K, 3 young (3072K), 3 survivors (3072K)
 Metaspace       used 33311K, committed 33792K, reserved 491520K
  class space    used 4650K, committed 4864K, reserved 425984K
}
Event: 40.508 GC heap before
{Heap before GC invocations=8 (full 0):
 garbage-first heap   total 86016K, used 49695K [0x0000000080000000, 0x0000000100000000)
  region size 1024K, 21 young (21504K), 3 survivors (3072K)
 Metaspace       used 35534K, committed 35968K, reserved 491520K
  class space    used 4901K, committed 5120K, reserved 425984K
}

